PS C:\Users\3C\Documents\dolores> npm run build

> dolores@1.0.0 build
> tsc && vite build

src/App.tsx:19:113 - error TS2307: Cannot find module '@components/ui/dropdown-menu' or its corresponding type declarations.

19 import { DropdownMenu, DropdownMenuContent, DropdownMenuItem, DropdownMenuSeparator, DropdownMenuTrigger } from '@components/ui/dropdown-menu';
                                                                                                                   ~~~~~~~~~~~~~~~~~~~~~~~~~~~~~~

src/App.tsx:73:5 - error TS6133: 'connectionStatus' is declared but its value is never read.

73     connectionStatus,
       ~~~~~~~~~~~~~~~~

src/App.tsx:1040:19 - error TS2322: Type '(taskData: Omit<Task, "id" | "createdAt" | "updatedAt">) => void' is not assignable to type '(task: Omit<Task, "id" | "createdAt" | "updatedAt">) => Promise<void>'.
  Type 'void' is not assignable to type 'Promise<void>'.

1040                   onAddTask={(taskData) => {
                       ~~~~~~~~~

  src/components/QuickAddTask.tsx:14:3
    14   onAddTask: (task: Omit<Task, 'id' | 'createdAt' | 'updatedAt'>) => Promise<void>;
         ~~~~~~~~~
    The expected type comes from property 'onAddTask' which is declared here on type 'IntrinsicAttributes & QuickAddTaskProps'  

src/components/AddTaskDialog.tsx:41:21 - error TS2345: Argument of type 'string | undefined' is not assignable to parameter of type 'SetStateAction<string>'.
  Type 'undefined' is not assignable to type 'SetStateAction<string>'.

41       setCategoryId(editingTask.categoryId);
                       ~~~~~~~~~~~~~~~~~~~~~~

src/components/AddTaskDialog.tsx:76:17 - error TS2345: Argument of type '{ title: string; description: string | undefined; categoryId: string; date: string; time: string | undefined; frequency: "none" | "daily" | "weekly" | "monthly" | "custom"; customFrequencyMonths: number | undefined; completed: boolean; }' is not assignable to parameter of type 'Omit<Task, "id" | "createdAt">'.
  Type '{ title: string; description: string | undefined; categoryId: string; date: string; time: string | undefined; frequency: "none" | "daily" | "weekly" | "monthly" | "custom"; customFrequencyMonths: number | undefined; completed: boolean; }' is missing the following properties from type 'Omit<Task, "id" | "createdAt">': userId, updatedAt

76       onAddTask(taskData);
                   ~~~~~~~~

src/components/AuthModal.tsx:10:73 - error TS6133: 'CheckCircle' is declared but its value is never read.

10 import { Eye, EyeOff, Loader2, AlertCircle, Mail, Sun, Moon, ArrowLeft, CheckCircle } from 'lucide-react';
                                                                           ~~~~~~~~~~~

src/components/AuthModal.tsx:11:26 - error TS2307: Cannot find module '../lib/supabase' or its corresponding type declarations. 

11 import { supabase } from '../lib/supabase';
                            ~~~~~~~~~~~~~~~~~

src/components/CategoryManager.tsx:49:21 - error TS2345: Argument of type '{ name: string; color: string; }' is not assignable to parameter of type 'Omit<Category, "id">'.
  Type '{ name: string; color: string; }' is missing the following properties from type 'Omit<Category, "id">': userId, createdAt, updatedAt, sortOrder

49       onAddCategory({ name: name.trim(), color });
                       ~~~~~~~~~~~~~~~~~~~~~~~~~~~~

src/components/DotGrid.tsx:35:31 - error TS2552: Cannot find name 'HTMLHTMLDivElement'. Did you mean 'HTMLHtmlElement'?

35   const containerRef = useRef<HTMLHTMLDivElement>(null); // Correção de tipo para HTMLDivElement
                                 ~~~~~~~~~~~~~~~~~~

  node_modules/typescript/lib/lib.dom.d.ts:10523:13
    10523 declare var HTMLHtmlElement: {
                      ~~~~~~~~~~~~~~~
    'HTMLHtmlElement' is declared here.

src/components/DraggableTaskList.tsx:1:8 - error TS6133: 'React' is declared but its value is never read.

1 import React, { useState, useCallback } from 'react';
         ~~~~~

src/components/DraggableTaskList.tsx:4:10 - error TS2305: Module '"../types"' has no exported member 'TaskInstance'.

4 import { TaskInstance, Category } from '../types';
           ~~~~~~~~~~~~

src/components/DragLayer.tsx:3:10 - error TS2305: Module '"../types"' has no exported member 'TaskInstance'.

3 import { TaskInstance, Category } from '../types';
           ~~~~~~~~~~~~

src/components/DragLayer.tsx:74:15 - error TS2322: Type '{ task: TaskInstance; category: Category; onToggleComplete: () => void; onEdit: () => void; onDelete: () => void; showRecurringTag: any; frequencyLabel: string | undefined; }' is not assignable to type 'IntrinsicAttributes & TaskCardProps'.
  Property 'frequencyLabel' does not exist on type 'IntrinsicAttributes & TaskCardProps'. Did you mean 'getFrequencyLabel'?     

74               frequencyLabel={
                 ~~~~~~~~~~~~~~

src/components/Footer.tsx:2:10 - error TS2305: Module '"../types"' has no exported member 'TaskInstance'.

2 import { TaskInstance } from '../types';
           ~~~~~~~~~~~~

src/components/Footer.tsx:3:32 - error TS2307: Cannot find module '../lib/supabase' or its corresponding type declarations.     

3 import { formatCurrency } from '../lib/supabase';
                                 ~~~~~~~~~~~~~~~~~

src/components/Footer.tsx:14:3 - error TS6133: 'viewMode' is declared but its value is never read.

14   viewMode,
     ~~~~~~~~

src/components/Logo.tsx:1:20 - error TS2307: Cannot find module '../imports/Vector' or its corresponding type declarations.     

1 import Vector from '../imports/Vector';
                     ~~~~~~~~~~~~~~~~~~~

src/components/QuickAddTask.tsx:8:10 - error TS6133: 'Calendar' is declared but its value is never read.

8 import { Calendar, Clock, ChevronDown, ChevronUp, X, Plus } from 'lucide-react';
           ~~~~~~~~

src/components/QuickAddTask.tsx:8:20 - error TS6133: 'Clock' is declared but its value is never read.

8 import { Calendar, Clock, ChevronDown, ChevronUp, X, Plus } from 'lucide-react';
                     ~~~~~

src/components/QuickAddTask.tsx:8:27 - error TS6133: 'ChevronDown' is declared but its value is never read.

8 import { Calendar, Clock, ChevronDown, ChevronUp, X, Plus } from 'lucide-react';
                            ~~~~~~~~~~~

src/components/QuickAddTask.tsx:8:51 - error TS6133: 'X' is declared but its value is never read.

8 import { Calendar, Clock, ChevronDown, ChevronUp, X, Plus } from 'lucide-react';
                                                    ~

src/components/QuickAddTask.tsx:10:117 - error TS2307: Cannot find module '../lib/supabase' or its corresponding type declarations.

10 import { parseCurrencyToCents, formatCurrency, formatCurrencyInput, isValidCurrencyInput, cleanCurrencyInput } from '../lib/supabase';
                                                                                                                       ~~~~~~~~~~~~~~~~~

src/components/QuickAddTask.tsx:44:10 - error TS6133: 'rawValue' is declared but its value is never read.

44   const [rawValue, setRawValue] = useState(''); // Para controlar entrada sem máscara
            ~~~~~~~~

src/components/QuickAddTask.tsx:225:23 - error TS2345: Argument of type '{ title: string; description: string; categoryId: string; date: string; time: null; completed: boolean; frequency: "none"; customFrequencyMonths: null; value: number; }' is not assignable to parameter of type 'Omit<Task, "id" | "createdAt" | "updatedAt">'.
  Property 'userId' is missing in type '{ title: string; description: string; categoryId: string; date: string; time: null; completed: boolean; frequency: "none"; customFrequencyMonths: null; value: number; }' but required in type 'Omit<Task, "id" | "createdAt" | "updatedAt">'.

225       await onAddTask(taskData);
                          ~~~~~~~~

  src/types/index.ts:17:3
    17   userId: string;
         ~~~~~~
    'userId' is declared here.

src/components/QuickAddTask.tsx:283:23 - error TS2345: Argument of type '{ title: string; description: string; categoryId: string; date: string; time: string | null; completed: boolean; frequency: Task["frequency"]; customFrequencyMonths: number | null; value: number; }' is not assignable to parameter of type 'Omit<Task, "id" | "createdAt" | "updatedAt">'.
  Property 'userId' is missing in type '{ title: string; description: string; categoryId: string; date: string; time: string | null; completed: boolean; frequency: Task["frequency"]; customFrequencyMonths: number | null; value: number; }' but required in type 'Omit<Task, "id" | "createdAt" | "updatedAt">'.

283       await onAddTask(taskData);
                          ~~~~~~~~

  src/types/index.ts:17:3
    17   userId: string;
         ~~~~~~
    'userId' is declared here.

src/components/SearchModal.tsx:29:21 - error TS2345: Argument of type 'string | undefined' is not assignable to parameter of type 'string'.
  Type 'undefined' is not assignable to type 'string'.

29     getCategoryById(task.categoryId).name.toLowerCase().includes(searchTerm.toLowerCase())
                       ~~~~~~~~~~~~~~~

src/components/SearchModal.tsx:94:55 - error TS2345: Argument of type 'string | undefined' is not assignable to parameter of type 'string'.
  Type 'undefined' is not assignable to type 'string'.

94                             category={getCategoryById(task.categoryId)}
                                                         ~~~~~~~~~~~~~~~

src/components/SearchModal.tsx:99:29 - error TS2322: Type '{ task: { instanceDate: string; isRecurringInstance: boolean; id: string; title: string; description?: string | undefined; completed: boolean; date: string; categoryId?: string | undefined; ... 6 more ...; updatedAt: string; }; ... 5 more ...; frequencyLabel: string | undefined; }' is not assignable to type 'IntrinsicAttributes & TaskCardProps'.
  Property 'frequencyLabel' does not exist on type 'IntrinsicAttributes & TaskCardProps'. Did you mean 'getFrequencyLabel'?     

99                             frequencyLabel={task.frequency !== 'none' ? getFrequencyLabel(task.frequency, task.customFrequencyMonths) : undefined}
                               ~~~~~~~~~~~~~~

src/components/TaskCard.tsx:7:10 - error TS6133: 'Task' is declared but its value is never read.

7 import { Task, Category, TaskInstance } from '../types';
           ~~~~

src/components/TaskCard.tsx:7:26 - error TS2305: Module '"../types"' has no exported member 'TaskInstance'.

7 import { Task, Category, TaskInstance } from '../types';
                           ~~~~~~~~~~~~

src/components/TaskCard.tsx:8:32 - error TS2307: Cannot find module '../lib/supabase' or its corresponding type declarations.   

8 import { formatCurrency } from '../lib/supabase';
                                 ~~~~~~~~~~~~~~~~~

src/components/ui/accordion.tsx:4:37 - error TS2307: Cannot find module '@radix-ui/react-accordion@1.2.3' or its corresponding type declarations.

4 import * as AccordionPrimitive from "@radix-ui/react-accordion@1.2.3";
                                      ~~~~~~~~~~~~~~~~~~~~~~~~~~~~~~~~~

src/components/ui/accordion.tsx:5:33 - error TS2307: Cannot find module 'lucide-react@0.487.0' or its corresponding type declarations.

5 import { ChevronDownIcon } from "lucide-react@0.487.0";
                                  ~~~~~~~~~~~~~~~~~~~~~~

src/components/ui/alert-dialog.tsx:4:39 - error TS2307: Cannot find module '@radix-ui/react-alert-dialog@1.1.6' or its corresponding type declarations.

4 import * as AlertDialogPrimitive from "@radix-ui/react-alert-dialog@1.1.6";
                                        ~~~~~~~~~~~~~~~~~~~~~~~~~~~~~~~~~~~~

src/components/ui/aspect-ratio.tsx:3:39 - error TS2307: Cannot find module '@radix-ui/react-aspect-ratio@1.1.2' or its corresponding type declarations.

3 import * as AspectRatioPrimitive from "@radix-ui/react-aspect-ratio@1.1.2";
                                        ~~~~~~~~~~~~~~~~~~~~~~~~~~~~~~~~~~~~

src/components/ui/breadcrumb.tsx:2:22 - error TS2307: Cannot find module '@radix-ui/react-slot@1.1.2' or its corresponding type declarations.

2 import { Slot } from "@radix-ui/react-slot@1.1.2";
                       ~~~~~~~~~~~~~~~~~~~~~~~~~~~~

src/components/ui/breadcrumb.tsx:3:46 - error TS2307: Cannot find module 'lucide-react@0.487.0' or its corresponding type declarations.

3 import { ChevronRight, MoreHorizontal } from "lucide-react@0.487.0";
                                               ~~~~~~~~~~~~~~~~~~~~~~

src/components/ui/carousel.tsx:6:8 - error TS2307: Cannot find module 'embla-carousel-react@8.6.0' or its corresponding type declarations.

6 } from "embla-carousel-react@8.6.0";
         ~~~~~~~~~~~~~~~~~~~~~~~~~~~~

src/components/ui/carousel.tsx:7:39 - error TS2307: Cannot find module 'lucide-react@0.487.0' or its corresponding type declarations.

7 import { ArrowLeft, ArrowRight } from "lucide-react@0.487.0";
                                        ~~~~~~~~~~~~~~~~~~~~~~

src/components/ui/chart.tsx:4:36 - error TS2307: Cannot find module 'recharts@2.15.2' or its corresponding type declarations.   

4 import * as RechartsPrimitive from "recharts@2.15.2";
                                     ~~~~~~~~~~~~~~~~~

src/components/ui/chart.tsx:182:23 - error TS7006: Parameter 'item' implicitly has an 'any' type.

182         {payload.map((item, index) => {
                          ~~~~

src/components/ui/chart.tsx:182:29 - error TS7006: Parameter 'index' implicitly has an 'any' type.

182         {payload.map((item, index) => {
                                ~~~~~

src/components/ui/chart.tsx:278:21 - error TS7006: Parameter 'item' implicitly has an 'any' type.

278       {payload.map((item) => {
                        ~~~~

src/components/ui/collapsible.tsx:3:39 - error TS2307: Cannot find module '@radix-ui/react-collapsible@1.1.3' or its corresponding type declarations.

3 import * as CollapsiblePrimitive from "@radix-ui/react-collapsible@1.1.3";
                                        ~~~~~~~~~~~~~~~~~~~~~~~~~~~~~~~~~~~

src/components/ui/command.tsx:4:45 - error TS2307: Cannot find module 'cmdk@1.1.1' or its corresponding type declarations.      

4 import { Command as CommandPrimitive } from "cmdk@1.1.1";
                                              ~~~~~~~~~~~~

src/components/ui/command.tsx:5:28 - error TS2307: Cannot find module 'lucide-react@0.487.0' or its corresponding type declarations.

5 import { SearchIcon } from "lucide-react@0.487.0";
                             ~~~~~~~~~~~~~~~~~~~~~~

src/components/ui/context-menu.tsx:4:39 - error TS2307: Cannot find module '@radix-ui/react-context-menu@2.2.6' or its corresponding type declarations.

4 import * as ContextMenuPrimitive from "@radix-ui/react-context-menu@2.2.6";
                                        ~~~~~~~~~~~~~~~~~~~~~~~~~~~~~~~~~~~~

src/components/ui/context-menu.tsx:5:57 - error TS2307: Cannot find module 'lucide-react@0.487.0' or its corresponding type declarations.

5 import { CheckIcon, ChevronRightIcon, CircleIcon } from "lucide-react@0.487.0";
                                                          ~~~~~~~~~~~~~~~~~~~~~~

src/components/ui/dialog.tsx:12:18 - error TS6133: 'ref' is declared but its value is never read.

12 >(({ ...props }, ref) => {
                    ~~~

src/components/ui/dialog.tsx:28:18 - error TS6133: 'ref' is declared but its value is never read.

28 >(({ ...props }, ref) => {
                    ~~~

src/components/ui/drawer.tsx:4:43 - error TS2307: Cannot find module 'vaul@1.1.2' or its corresponding type declarations.       

4 import { Drawer as DrawerPrimitive } from "vaul@1.1.2";
                                            ~~~~~~~~~~~~

src/components/ui/form.tsx:4:33 - error TS2307: Cannot find module '@radix-ui/react-label@2.1.2' or its corresponding type declarations.

4 import * as LabelPrimitive from "@radix-ui/react-label@2.1.2";
                                  ~~~~~~~~~~~~~~~~~~~~~~~~~~~~~

src/components/ui/form.tsx:5:22 - error TS2307: Cannot find module '@radix-ui/react-slot@1.1.2' or its corresponding type declarations.

5 import { Slot } from "@radix-ui/react-slot@1.1.2";
                       ~~~~~~~~~~~~~~~~~~~~~~~~~~~~

src/components/ui/form.tsx:14:8 - error TS2307: Cannot find module 'react-hook-form@7.55.0' or its corresponding type declarations.

14 } from "react-hook-form@7.55.0";
          ~~~~~~~~~~~~~~~~~~~~~~~~

src/components/ui/hover-card.tsx:4:37 - error TS2307: Cannot find module '@radix-ui/react-hover-card@1.1.6' or its corresponding type declarations.

4 import * as HoverCardPrimitive from "@radix-ui/react-hover-card@1.1.6";
                                      ~~~~~~~~~~~~~~~~~~~~~~~~~~~~~~~~~~

src/components/ui/input-otp.tsx:4:43 - error TS2307: Cannot find module 'input-otp@1.4.2' or its corresponding type declarations.

4 import { OTPInput, OTPInputContext } from "input-otp@1.4.2";
                                            ~~~~~~~~~~~~~~~~~

src/components/ui/input-otp.tsx:5:27 - error TS2307: Cannot find module 'lucide-react@0.487.0' or its corresponding type declarations.

5 import { MinusIcon } from "lucide-react@0.487.0";
                            ~~~~~~~~~~~~~~~~~~~~~~

src/components/ui/input-otp.tsx:47:61 - error TS2339: Property 'slots' does not exist on type '{}'.

47   const { char, hasFakeCaret, isActive } = inputOTPContext?.slots[index] ?? {};
                                                               ~~~~~

src/components/ui/menubar.tsx:4:35 - error TS2307: Cannot find module '@radix-ui/react-menubar@1.1.6' or its corresponding type declarations.

4 import * as MenubarPrimitive from "@radix-ui/react-menubar@1.1.6";
                                    ~~~~~~~~~~~~~~~~~~~~~~~~~~~~~~~

src/components/ui/menubar.tsx:5:57 - error TS2307: Cannot find module 'lucide-react@0.487.0' or its corresponding type declarations.

5 import { CheckIcon, ChevronRightIcon, CircleIcon } from "lucide-react@0.487.0";
                                                          ~~~~~~~~~~~~~~~~~~~~~~

src/components/ui/navigation-menu.tsx:2:42 - error TS2307: Cannot find module '@radix-ui/react-navigation-menu@1.2.5' or its corresponding type declarations.

2 import * as NavigationMenuPrimitive from "@radix-ui/react-navigation-menu@1.2.5";
                                           ~~~~~~~~~~~~~~~~~~~~~~~~~~~~~~~~~~~~~~~

src/components/ui/navigation-menu.tsx:3:21 - error TS2307: Cannot find module 'class-variance-authority@0.7.1' or its corresponding type declarations.

3 import { cva } from "class-variance-authority@0.7.1";
                      ~~~~~~~~~~~~~~~~~~~~~~~~~~~~~~~~

src/components/ui/navigation-menu.tsx:4:33 - error TS2307: Cannot find module 'lucide-react@0.487.0' or its corresponding type declarations.

4 import { ChevronDownIcon } from "lucide-react@0.487.0";
                                  ~~~~~~~~~~~~~~~~~~~~~~

src/components/ui/pagination.tsx:6:8 - error TS2307: Cannot find module 'lucide-react@0.487.0' or its corresponding type declarations.

6 } from "lucide-react@0.487.0";
         ~~~~~~~~~~~~~~~~~~~~~~

src/components/ui/popover.tsx:4:35 - error TS2307: Cannot find module '@radix-ui/react-popover@1.1.6' or its corresponding type declarations.

4 import * as PopoverPrimitive from "@radix-ui/react-popover@1.1.6";
                                    ~~~~~~~~~~~~~~~~~~~~~~~~~~~~~~~

src/components/ui/progress.tsx:4:36 - error TS2307: Cannot find module '@radix-ui/react-progress@1.1.2' or its corresponding type declarations.

4 import * as ProgressPrimitive from "@radix-ui/react-progress@1.1.2";
                                     ~~~~~~~~~~~~~~~~~~~~~~~~~~~~~~~~

src/components/ui/radio-group.tsx:4:38 - error TS2307: Cannot find module '@radix-ui/react-radio-group@1.2.3' or its corresponding type declarations.

4 import * as RadioGroupPrimitive from "@radix-ui/react-radio-group@1.2.3";
                                       ~~~~~~~~~~~~~~~~~~~~~~~~~~~~~~~~~~~

src/components/ui/radio-group.tsx:5:28 - error TS2307: Cannot find module 'lucide-react@0.487.0' or its corresponding type declarations.

5 import { CircleIcon } from "lucide-react@0.487.0";
                             ~~~~~~~~~~~~~~~~~~~~~~

src/components/ui/resizable.tsx:4:34 - error TS2307: Cannot find module 'lucide-react@0.487.0' or its corresponding type declarations.

4 import { GripVerticalIcon } from "lucide-react@0.487.0";
                                   ~~~~~~~~~~~~~~~~~~~~~~

src/components/ui/resizable.tsx:5:37 - error TS2307: Cannot find module 'react-resizable-panels@2.1.7' or its corresponding type declarations.

5 import * as ResizablePrimitive from "react-resizable-panels@2.1.7";
                                      ~~~~~~~~~~~~~~~~~~~~~~~~~~~~~~

src/components/ui/scroll-area.tsx:4:38 - error TS2307: Cannot find module '@radix-ui/react-scroll-area@1.2.3' or its corresponding type declarations.

4 import * as ScrollAreaPrimitive from "@radix-ui/react-scroll-area@1.2.3";
                                       ~~~~~~~~~~~~~~~~~~~~~~~~~~~~~~~~~~~

src/components/ui/sheet.tsx:4:33 - error TS2307: Cannot find module '@radix-ui/react-dialog@1.1.6' or its corresponding type declarations.

4 import * as SheetPrimitive from "@radix-ui/react-dialog@1.1.6";
                                  ~~~~~~~~~~~~~~~~~~~~~~~~~~~~~~

src/components/ui/sheet.tsx:5:23 - error TS2307: Cannot find module 'lucide-react@0.487.0' or its corresponding type declarations.

5 import { XIcon } from "lucide-react@0.487.0";
                        ~~~~~~~~~~~~~~~~~~~~~~

src/components/ui/sidebar.tsx:4:22 - error TS2307: Cannot find module '@radix-ui/react-slot@1.1.2' or its corresponding type declarations.

4 import { Slot } from "@radix-ui/react-slot@1.1.2";
                       ~~~~~~~~~~~~~~~~~~~~~~~~~~~~

src/components/ui/sidebar.tsx:5:35 - error TS2307: Cannot find module 'class-variance-authority@0.7.1' or its corresponding type declarations.

5 import { VariantProps, cva } from "class-variance-authority@0.7.1";
                                    ~~~~~~~~~~~~~~~~~~~~~~~~~~~~~~~~

src/components/ui/sidebar.tsx:6:31 - error TS2307: Cannot find module 'lucide-react@0.487.0' or its corresponding type declarations.

6 import { PanelLeftIcon } from "lucide-react@0.487.0";
                                ~~~~~~~~~~~~~~~~~~~~~~

src/components/ui/slider.tsx:4:34 - error TS2307: Cannot find module '@radix-ui/react-slider@1.2.3' or its corresponding type declarations.

4 import * as SliderPrimitive from "@radix-ui/react-slider@1.2.3";
                                   ~~~~~~~~~~~~~~~~~~~~~~~~~~~~~~

src/components/ui/tabs.tsx:4:32 - error TS2307: Cannot find module '@radix-ui/react-tabs@1.1.3' or its corresponding type declarations.

4 import * as TabsPrimitive from "@radix-ui/react-tabs@1.1.3";
                                 ~~~~~~~~~~~~~~~~~~~~~~~~~~~~

src/components/ui/toggle-group.tsx:4:39 - error TS2307: Cannot find module '@radix-ui/react-toggle-group@1.1.2' or its corresponding type declarations.

4 import * as ToggleGroupPrimitive from "@radix-ui/react-toggle-group@1.1.2";
                                        ~~~~~~~~~~~~~~~~~~~~~~~~~~~~~~~~~~~~

src/components/ui/toggle-group.tsx:5:35 - error TS2307: Cannot find module 'class-variance-authority@0.7.1' or its corresponding type declarations.

5 import { type VariantProps } from "class-variance-authority@0.7.1";
                                    ~~~~~~~~~~~~~~~~~~~~~~~~~~~~~~~~

src/components/ui/toggle.tsx:4:34 - error TS2307: Cannot find module '@radix-ui/react-toggle@1.1.2' or its corresponding type declarations.

4 import * as TogglePrimitive from "@radix-ui/react-toggle@1.1.2";
                                   ~~~~~~~~~~~~~~~~~~~~~~~~~~~~~~

src/components/ui/toggle.tsx:5:40 - error TS2307: Cannot find module 'class-variance-authority@0.7.1' or its corresponding type declarations.

5 import { cva, type VariantProps } from "class-variance-authority@0.7.1";
                                         ~~~~~~~~~~~~~~~~~~~~~~~~~~~~~~~~

src/components/ui/tooltip.tsx:4:35 - error TS2307: Cannot find module '@radix-ui/react-tooltip@1.1.8' or its corresponding type declarations.

4 import * as TooltipPrimitive from "@radix-ui/react-tooltip@1.1.8";
                                    ~~~~~~~~~~~~~~~~~~~~~~~~~~~~~~~

src/components/ValueTotals.tsx:2:10 - error TS2305: Module '"../types"' has no exported member 'TaskInstance'.

2 import { TaskInstance } from '../types';
           ~~~~~~~~~~~~

src/components/ValueTotals.tsx:3:32 - error TS2307: Cannot find module '../lib/supabase' or its corresponding type declarations.

3 import { formatCurrency } from '../lib/supabase';
                                 ~~~~~~~~~~~~~~~~~

src/components/ValueTotals.tsx:12:38 - error TS6133: 'viewMode' is declared but its value is never read.

12 export function ValueTotals({ tasks, viewMode, filterState, onFilterChange }: ValueTotalsProps) {
                                        ~~~~~~~~

src/components/WeeklyCalendar.tsx:35:3 - error TS6133: 'categories' is declared but its value is never read.

35   categories,
     ~~~~~~~~~~

src/components/WeeklyCalendar.tsx:90:9 - error TS6133: 'hasTasksOnDate' is declared but its value is never read.

90   const hasTasksOnDate = (date: Date): boolean => {
           ~~~~~~~~~~~~~~

src/components/WeeklyCalendar.tsx:94:9 - error TS6133: 'formatMonth' is declared but its value is never read.

94   const formatMonth = (date: Date) => {
           ~~~~~~~~~~~

src/hooks/useTodoApp.ts:1:31 - error TS6133: 'useCallback' is declared but its value is never read.

1 import { useState, useEffect, useCallback } from 'react';
                                ~~~~~~~~~~~

src/hooks/useTodoApp.ts:3:26 - error TS2307: Cannot find module '../lib/supabase' or its corresponding type declarations.       

3 import { supabase } from '../lib/supabase';
                           ~~~~~~~~~~~~~~~~~

src/hooks/useTodoApp.ts:138:79 - error TS6133: 'event' is declared but its value is never read.

138     const { data: { subscription } } = supabase.auth.onAuthStateChange(async (event, session) => {
                                                                                  ~~~~~

src/hooks/useTodoApp.ts:138:79 - error TS7006: Parameter 'event' implicitly has an 'any' type.

138     const { data: { subscription } } = supabase.auth.onAuthStateChange(async (event, session) => {
                                                                                  ~~~~~

src/hooks/useTodoApp.ts:138:86 - error TS7006: Parameter 'session' implicitly has an 'any' type.

138     const { data: { subscription } } = supabase.auth.onAuthStateChange(async (event, session) => {
                                                                                         ~~~~~~~

src/hooks/useTodoApp.ts:234:37 - error TS7006: Parameter 'task' implicitly has an 'any' type.

234       const mappedTasks = data?.map(task => {
                                        ~~~~

src/hooks/useTodoApp.ts:281:42 - error TS7006: Parameter 'category' implicitly has an 'any' type.

281       const mappedCategories = data?.map(category => ({
                                             ~~~~~~~~

src/hooks/useTodoApp.ts:314:21 - error TS7006: Parameter 'completion' implicitly has an 'any' type.

314       data?.forEach(completion => {
                        ~~~~~~~~~~

tsconfig.json:13:5 - error TS1005: ',' expected.

13     "moduleResolution": "node",
       ~~~~~~~~~~~~~~~~~~


Found 98 errors in 45 files.

Errors  Files
     3  src/App.tsx:19
     2  src/components/AddTaskDialog.tsx:41
     2  src/components/AuthModal.tsx:10
     1  src/components/CategoryManager.tsx:49
     1  src/components/DotGrid.tsx:35
     2  src/components/DraggableTaskList.tsx:1
     2  src/components/DragLayer.tsx:3
     3  src/components/Footer.tsx:2
     1  src/components/Logo.tsx:1
     8  src/components/QuickAddTask.tsx:8
     3  src/components/SearchModal.tsx:29
     3  src/components/TaskCard.tsx:7
     2  src/components/ui/accordion.tsx:4
     1  src/components/ui/alert-dialog.tsx:4
     1  src/components/ui/aspect-ratio.tsx:3
     2  src/components/ui/breadcrumb.tsx:2
     2  src/components/ui/carousel.tsx:6
     4  src/components/ui/chart.tsx:4
     1  src/components/ui/collapsible.tsx:3
     2  src/components/ui/command.tsx:4
     2  src/components/ui/context-menu.tsx:4
     2  src/components/ui/dialog.tsx:12
     1  src/components/ui/drawer.tsx:4
     3  src/components/ui/form.tsx:4
     1  src/components/ui/hover-card.tsx:4
     3  src/components/ui/input-otp.tsx:4
     2  src/components/ui/menubar.tsx:4
     3  src/components/ui/navigation-menu.tsx:2
     1  src/components/ui/pagination.tsx:6
     1  src/components/ui/popover.tsx:4
     1  src/components/ui/progress.tsx:4
     2  src/components/ui/radio-group.tsx:4
     2  src/components/ui/resizable.tsx:4
     1  src/components/ui/scroll-area.tsx:4
     2  src/components/ui/sheet.tsx:4
     3  src/components/ui/sidebar.tsx:4
     1  src/components/ui/slider.tsx:4
     1  src/components/ui/tabs.tsx:4
     2  src/components/ui/toggle-group.tsx:4
     2  src/components/ui/toggle.tsx:4
     1  src/components/ui/tooltip.tsx:4
     3  src/components/ValueTotals.tsx:2
     3  src/components/WeeklyCalendar.tsx:35
     8  src/hooks/useTodoApp.ts:1
     1  tsconfig.json:13